<?xml version="1.0" encoding="UTF-8"?>
<testsuite xmlns:xsi="http://www.w3.org/2001/XMLSchema-instance" xsi:noNamespaceSchemaLocation="https://maven.apache.org/surefire/maven-surefire-plugin/xsd/surefire-test-report.xsd" name="org.acme.quickstart.GreetingResourceTest" time="1.898" tests="2" errors="0" skipped="0" failures="0">
  <properties>
[...]
</properties>
  <testcase name="testHelloEndpoint" classname="org.acme.quickstart.GreetingResourceTest" time="0.72"/>
  <testcase name="testGreetingEndpoint" classname="org.acme.quickstart.GreetingResourceTest" time="0.018"/>
</testsuite>